<?xml version="1.0" encoding="UTF-8"?>
<testng-results ignored="0" total="4" passed="3" failed="1" skipped="0">
  <reporter-output>
  </reporter-output>
  <suite started-at="2023-09-25T15:37:31 IST" name="Default suite" finished-at="2023-09-25T15:38:00 IST" duration-ms="29493">
    <groups>
    </groups>
    <test started-at="2023-09-25T15:37:31 IST" name="Default test" finished-at="2023-09-25T15:38:00 IST" duration-ms="29493">
      <class name="testNG_tutorial.Failed_TC_Screenshot">
        <test-method is-config="true" signature="setUp()[pri:0, instance:testNG_tutorial.Failed_TC_Screenshot@66d3eec0]" started-at="2023-09-25T15:37:31 IST" name="setUp" finished-at="2023-09-25T15:37:51 IST" duration-ms="19865" status="PASS">
          <reporter-output>
          </reporter-output>
        </test-method> <!-- setUp -->
        <test-method signature="verifyTitle()[pri:1, instance:testNG_tutorial.Failed_TC_Screenshot@66d3eec0]" started-at="2023-09-25T15:37:51 IST" name="verifyTitle" finished-at="2023-09-25T15:37:52 IST" duration-ms="969" status="FAIL">
          <exception class="java.lang.AssertionError">
            <message>
              <![CDATA[expected [Orangehrm] but found [OrangeHRM]]]>
            </message>
            <full-stacktrace>
              <![CDATA[java.lang.AssertionError: expected [Orangehrm] but found [OrangeHRM]
at org.testng.Assert.fail(Assert.java:99)
at org.testng.Assert.failNotEquals(Assert.java:1037)
at org.testng.Assert.assertEqualsImpl(Assert.java:140)
at org.testng.Assert.assertEquals(Assert.java:122)
at org.testng.Assert.assertEquals(Assert.java:629)
at org.testng.Assert.assertEquals(Assert.java:639)
at testNG_tutorial.Failed_TC_Screenshot.verifyTitle(Failed_TC_Screenshot.java:38)
at java.base/jdk.internal.reflect.NativeMethodAccessorImpl.invoke0(Native Method)
at java.base/jdk.internal.reflect.NativeMethodAccessorImpl.invoke(NativeMethodAccessorImpl.java:62)
at java.base/jdk.internal.reflect.DelegatingMethodAccessorImpl.invoke(DelegatingMethodAccessorImpl.java:43)
at java.base/java.lang.reflect.Method.invoke(Method.java:566)
at org.testng.internal.MethodInvocationHelper.invokeMethod(MethodInvocationHelper.java:133)
at org.testng.internal.TestInvoker.invokeMethod(TestInvoker.java:598)
at org.testng.internal.TestInvoker.invokeTestMethod(TestInvoker.java:173)
at org.testng.internal.MethodRunner.runInSequence(MethodRunner.java:46)
at org.testng.internal.TestInvoker$MethodInvocationAgent.invoke(TestInvoker.java:824)
at org.testng.internal.TestInvoker.invokeTestMethods(TestInvoker.java:146)
at org.testng.internal.TestMethodWorker.invokeTestMethods(TestMethodWorker.java:146)
at org.testng.internal.TestMethodWorker.run(TestMethodWorker.java:128)
at java.base/java.util.ArrayList.forEach(ArrayList.java:1541)
at org.testng.TestRunner.privateRun(TestRunner.java:794)
at org.testng.TestRunner.run(TestRunner.java:596)
at org.testng.SuiteRunner.runTest(SuiteRunner.java:377)
at org.testng.SuiteRunner.runSequentially(SuiteRunner.java:371)
at org.testng.SuiteRunner.privateRun(SuiteRunner.java:332)
at org.testng.SuiteRunner.run(SuiteRunner.java:276)
at org.testng.SuiteRunnerWorker.runSuite(SuiteRunnerWorker.java:53)
at org.testng.SuiteRunnerWorker.run(SuiteRunnerWorker.java:96)
at org.testng.TestNG.runSuitesSequentially(TestNG.java:1212)
at org.testng.TestNG.runSuitesLocally(TestNG.java:1134)
at org.testng.TestNG.runSuites(TestNG.java:1063)
at org.testng.TestNG.run(TestNG.java:1031)
at org.testng.remote.AbstractRemoteTestNG.run(AbstractRemoteTestNG.java:115)
at org.testng.remote.RemoteTestNG.initAndRun(RemoteTestNG.java:251)
at org.testng.remote.RemoteTestNG.main(RemoteTestNG.java:77)
]]>
            </full-stacktrace>
          </exception> <!-- java.lang.AssertionError -->
          <reporter-output>
          </reporter-output>
        </test-method> <!-- verifyTitle -->
        <test-method is-config="true" signature="TC_Screenshot(org.testng.ITestResult)[pri:0, instance:testNG_tutorial.Failed_TC_Screenshot@66d3eec0]" started-at="2023-09-25T15:37:52 IST" name="TC_Screenshot" finished-at="2023-09-25T15:37:52 IST" duration-ms="574" status="PASS">
          <params>
            <param index="0">
              <value>
                <![CDATA[[TestResult name=verifyTitle status=FAILURE method=Failed_TC_Screenshot.verifyTitle()[pri:1, instance:testNG_tutorial.Failed_TC_Screenshot@66d3eec0] output={null}]]]>
              </value>
            </param>
          </params>
          <reporter-output>
          </reporter-output>
        </test-method> <!-- TC_Screenshot -->
        <test-method signature="verifyUrl()[pri:2, instance:testNG_tutorial.Failed_TC_Screenshot@66d3eec0]" started-at="2023-09-25T15:37:52 IST" name="verifyUrl" finished-at="2023-09-25T15:37:53 IST" duration-ms="57" status="PASS">
          <reporter-output>
          </reporter-output>
        </test-method> <!-- verifyUrl -->
        <test-method is-config="true" signature="TC_Screenshot(org.testng.ITestResult)[pri:0, instance:testNG_tutorial.Failed_TC_Screenshot@66d3eec0]" started-at="2023-09-25T15:37:53 IST" name="TC_Screenshot" finished-at="2023-09-25T15:37:53 IST" duration-ms="1" status="PASS">
          <params>
            <param index="0">
              <value>
                <![CDATA[[TestResult name=verifyUrl status=SUCCESS method=Failed_TC_Screenshot.verifyUrl()[pri:2, instance:testNG_tutorial.Failed_TC_Screenshot@66d3eec0] output={null}]]]>
              </value>
            </param>
          </params>
          <reporter-output>
          </reporter-output>
        </test-method> <!-- TC_Screenshot -->
        <test-method signature="verifyLoginTitle()[pri:3, instance:testNG_tutorial.Failed_TC_Screenshot@66d3eec0]" started-at="2023-09-25T15:37:53 IST" name="verifyLoginTitle" finished-at="2023-09-25T15:37:53 IST" duration-ms="284" status="PASS">
          <reporter-output>
          </reporter-output>
        </test-method> <!-- verifyLoginTitle -->
        <test-method is-config="true" signature="TC_Screenshot(org.testng.ITestResult)[pri:0, instance:testNG_tutorial.Failed_TC_Screenshot@66d3eec0]" started-at="2023-09-25T15:37:53 IST" name="TC_Screenshot" finished-at="2023-09-25T15:37:53 IST" duration-ms="14" status="PASS">
          <params>
            <param index="0">
              <value>
                <![CDATA[[TestResult name=verifyLoginTitle status=SUCCESS method=Failed_TC_Screenshot.verifyLoginTitle()[pri:3, instance:testNG_tutorial.Failed_TC_Screenshot@66d3eec0] output={null}]]]>
              </value>
            </param>
          </params>
          <reporter-output>
          </reporter-output>
        </test-method> <!-- TC_Screenshot -->
        <test-method signature="verifyLogin()[pri:4, instance:testNG_tutorial.Failed_TC_Screenshot@66d3eec0]" started-at="2023-09-25T15:37:53 IST" name="verifyLogin" finished-at="2023-09-25T15:38:00 IST" duration-ms="7072" status="PASS">
          <reporter-output>
          </reporter-output>
        </test-method> <!-- verifyLogin -->
        <test-method is-config="true" signature="TC_Screenshot(org.testng.ITestResult)[pri:0, instance:testNG_tutorial.Failed_TC_Screenshot@66d3eec0]" started-at="2023-09-25T15:38:00 IST" name="TC_Screenshot" finished-at="2023-09-25T15:38:00 IST" duration-ms="4" status="PASS">
          <params>
            <param index="0">
              <value>
                <![CDATA[[TestResult name=verifyLogin status=SUCCESS method=Failed_TC_Screenshot.verifyLogin()[pri:4, instance:testNG_tutorial.Failed_TC_Screenshot@66d3eec0] output={null}]]]>
              </value>
            </param>
          </params>
          <reporter-output>
          </reporter-output>
        </test-method> <!-- TC_Screenshot -->
        <test-method is-config="true" signature="tearDown()[pri:0, instance:testNG_tutorial.Failed_TC_Screenshot@66d3eec0]" started-at="2023-09-25T15:38:00 IST" name="tearDown" finished-at="2023-09-25T15:38:00 IST" duration-ms="324" status="PASS">
          <reporter-output>
          </reporter-output>
        </test-method> <!-- tearDown -->
      </class> <!-- testNG_tutorial.Failed_TC_Screenshot -->
    </test> <!-- Default test -->
  </suite> <!-- Default suite -->
</testng-results>
